<?xml version="1.0" encoding="UTF-8"?>
<testsuite name="com.trello.qa.tests.LoginTest" tests="1" skipped="0" failures="0" errors="0" timestamp="2021-01-26T18:14:13" hostname="DESKTOP-S1IE1UQ" time="35.236">
  <properties/>
  <testcase name="testAtlassianUserLogin" classname="com.trello.qa.tests.LoginTest" time="35.236"/>
  <system-out><![CDATA[]]></system-out>
  <system-err><![CDATA[Starting ChromeDriver 87.0.4280.88 (89e2380a3e36c3464b5dd1302349b1382549290d-refs/branch-heads/4280@{#1761}) on port 11107
Only local connections are allowed.
Please see https://chromedriver.chromium.org/security-considerations for suggestions on keeping ChromeDriver safe.
ChromeDriver was started successfully.
Jan 26, 2021 8:14:04 PM org.openqa.selenium.remote.ProtocolHandshake createSession
INFO: Detected dialect: W3C
]]></system-err>
</testsuite>
